c:\users\zach1\source\repos\project5\project5\debug\vc141.pdb
c:\users\zach1\source\repos\project5\project5\debug\vc141.idb
c:\users\zach1\source\repos\project5\project5\debug\d3dclass.obj
c:\users\zach1\source\repos\project5\project5\debug\inputclass.obj
c:\users\zach1\source\repos\project5\project5\debug\winmain.obj
c:\users\zach1\source\repos\project5\project5\debug\systemclass.obj
c:\users\zach1\source\repos\project5\project5\debug\graphicsclass.obj
c:\users\zach1\source\repos\project5\project5\debug\modelclass.obj
c:\users\zach1\source\repos\project5\project5\debug\cameraclass.obj
c:\users\zach1\source\repos\project5\project5\debug\colourshaderclass.obj
c:\users\zach1\source\repos\project5\project5\debug\textureshaderclass.obj
c:\users\zach1\source\repos\project5\project5\debug\textureclass.obj
c:\users\zach1\source\repos\project5\debug\attraingle.exe
c:\users\zach1\source\repos\project5\debug\attraingle.ilk
c:\users\zach1\source\repos\project5\debug\attraingle.pdb
c:\users\zach1\source\repos\project5\project5\debug\main.obj
c:\users\zach1\source\repos\project5\project5\debug\attraingle.tlog\cl.command.1.tlog
c:\users\zach1\source\repos\project5\project5\debug\attraingle.tlog\cl.read.1.tlog
c:\users\zach1\source\repos\project5\project5\debug\attraingle.tlog\cl.write.1.tlog
c:\users\zach1\source\repos\project5\project5\debug\attraingle.tlog\link.command.1.tlog
c:\users\zach1\source\repos\project5\project5\debug\attraingle.tlog\link.read.1.tlog
c:\users\zach1\source\repos\project5\project5\debug\attraingle.tlog\link.write.1.tlog
